<?xml version="1.0" encoding="utf-8"?><testsuites><testsuite name="pytest" errors="0" failures="0" skipped="10" tests="17" time="17.275" timestamp="2025-11-10T02:44:58.639621" hostname="DaveMacs-MacBook-Pro.local"><testcase classname="ai.test_ai_api_responses" name="test_production_feed_quality" time="1.492"><skipped type="pytest.skip" message="Could not run production feed test: 'list' object has no attribute 'get'">/Users/davemac/Library/CloudStorage/OneDrive-OneThumSoftware/One Thum Software/Newsreel/Azure/tests/ai/test_ai_api_responses.py:245: Could not run production feed test: 'list' object has no attribute 'get'</skipped></testcase><testcase classname="ai.test_ai_api_responses" name="test_story_detail_user_experience" time="0.517"><skipped type="pytest.skip" message="Could not run story detail test: 'list' object has no attribute 'get'">/Users/davemac/Library/CloudStorage/OneDrive-OneThumSoftware/One Thum Software/Newsreel/Azure/tests/ai/test_ai_api_responses.py:288: Could not run story detail test: 'list' object has no attribute 'get'</skipped></testcase><testcase classname="ai.test_ai_api_responses" name="test_ai_api_response_edge_cases" time="2.810" /><testcase classname="ai.test_ai_api_responses" name="test_feed_quality_regression_monitoring" time="0.837"><skipped type="pytest.skip" message="Could not run regression test: 'list' object has no attribute 'get'">/Users/davemac/Library/CloudStorage/OneDrive-OneThumSoftware/One Thum Software/Newsreel/Azure/tests/ai/test_ai_api_responses.py:354: Could not run regression test: 'list' object has no attribute 'get'</skipped></testcase><testcase classname="ai.test_ai_api_responses" name="test_api_response_consistency" time="0.643"><skipped type="pytest.skip" message="Could not run consistency test: 'list' object has no attribute 'get'">/Users/davemac/Library/CloudStorage/OneDrive-OneThumSoftware/One Thum Software/Newsreel/Azure/tests/ai/test_ai_api_responses.py:399: Could not run consistency test: 'list' object has no attribute 'get'</skipped></testcase><testcase classname="ai.test_ai_categorization" name="test_sample_categorization_quality" time="3.111" /><testcase classname="ai.test_ai_categorization" name="test_category_distribution_analysis" time="0.592"><skipped type="pytest.skip" message="Could not run distribution test: 'CosmosDBClient' object has no attribute 'sample_recent_articles'">/Users/davemac/Library/CloudStorage/OneDrive-OneThumSoftware/One Thum Software/Newsreel/Azure/tests/ai/test_ai_categorization.py:263: Could not run distribution test: 'CosmosDBClient' object has no attribute 'sample_recent_articles'</skipped></testcase><testcase classname="ai.test_ai_categorization" name="test_ai_categorization_edge_cases" time="1.062" /><testcase classname="ai.test_ai_categorization" name="test_categorization_consistency_monitoring" time="0.499"><skipped type="pytest.skip" message="Could not run consistency test: 'CosmosDBClient' object has no attribute 'sample_recent_articles'">/Users/davemac/Library/CloudStorage/OneDrive-OneThumSoftware/One Thum Software/Newsreel/Azure/tests/ai/test_ai_categorization.py:356: Could not run consistency test: 'CosmosDBClient' object has no attribute 'sample_recent_articles'</skipped></testcase><testcase classname="ai.test_ai_clustering" name="test_sample_clustering_quality" time="1.543" /><testcase classname="ai.test_ai_clustering" name="test_production_clustering_sample" time="0.534"><skipped type="pytest.skip" message="Could not run production clustering test: 'CosmosDBClient' object has no attribute 'sample_clusters_with_multiple_articles'">/Users/davemac/Library/CloudStorage/OneDrive-OneThumSoftware/One Thum Software/Newsreel/Azure/tests/ai/test_ai_clustering.py:306: Could not run production clustering test: 'CosmosDBClient' object has no attribute 'sample_clusters_with_multiple_articles'</skipped></testcase><testcase classname="ai.test_ai_clustering" name="test_ai_clustering_edge_cases" time="0.003" /><testcase classname="ai.test_ai_clustering" name="test_clustering_regression_detection" time="0.540"><skipped type="pytest.skip" message="Could not run regression test: 'CosmosDBClient' object has no attribute 'sample_recent_clusters'">/Users/davemac/Library/CloudStorage/OneDrive-OneThumSoftware/One Thum Software/Newsreel/Azure/tests/ai/test_ai_clustering.py:381: Could not run regression test: 'CosmosDBClient' object has no attribute 'sample_recent_clusters'</skipped></testcase><testcase classname="ai.test_ai_summary_quality" name="test_sample_production_summaries" time="0.539"><skipped type="pytest.skip" message="Could not run AI quality test: 'CosmosDBClient' object has no attribute 'sample_stories_with_summaries'">/Users/davemac/Library/CloudStorage/OneDrive-OneThumSoftware/One Thum Software/Newsreel/Azure/tests/ai/test_ai_summary_quality.py:195: Could not run AI quality test: 'CosmosDBClient' object has no attribute 'sample_stories_with_summaries'</skipped></testcase><testcase classname="ai.test_ai_summary_quality" name="test_ai_budget_control" time="0.001" /><testcase classname="ai.test_ai_summary_quality" name="test_ai_summary_validation_edge_cases" time="1.809" /><testcase classname="ai.test_ai_summary_quality" name="test_continuous_production_monitoring" time="0.576"><skipped type="pytest.skip" message="Could not run continuous monitoring: 'CosmosDBClient' object has no attribute 'sample_recent_stories'">/Users/davemac/Library/CloudStorage/OneDrive-OneThumSoftware/One Thum Software/Newsreel/Azure/tests/ai/test_ai_summary_quality.py:282: Could not run continuous monitoring: 'CosmosDBClient' object has no attribute 'sample_recent_stories'</skipped></testcase></testsuite></testsuites>